
Showing logs for build [32mcb-kubecd-bdd-gh-1583008777-pr-xn59b-1[0m stage [32mfrom-build-pack[0m and container [32mstep-credential-initializer-k24jh[0m
{"level":"warn","ts":1583009394.6792228,"logger":"fallback-logger","caller":"logging/config.go:69","msg":"Fetch GitHub commit ID from kodata failed: \"ref: refs/heads/0.8.0-**-support-backwards-incompats\" is not a valid GitHub commit ID"}
{"level":"info","ts":1583009394.6798825,"logger":"fallback-logger","caller":"creds-init/main.go:40","msg":"Credentials initialized."}

Showing logs for build [32mcb-kubecd-bdd-gh-1583008777-pr-xn59b-1[0m stage [32mfrom-build-pack[0m and container [32mstep-working-dir-initializer-h2l8r[0m
{"level":"warn","ts":1583009396.005754,"logger":"fallback-logger","caller":"logging/config.go:69","msg":"Fetch GitHub commit ID from kodata failed: open /var/run/ko/HEAD: no such file or directory"}
{"level":"info","ts":1583009396.0076647,"logger":"fallback-logger","caller":"bash/main.go:64","msg":"Successfully executed command \"sh -c mkdir -p /workspace/source\"; output "}

Showing logs for build [32mcb-kubecd-bdd-gh-1583008777-pr-xn59b-1[0m stage [32mfrom-build-pack[0m and container [32mstep-place-tools[0m

Showing logs for build [32mcb-kubecd-bdd-gh-1583008777-pr-xn59b-1[0m stage [32mfrom-build-pack[0m and container [32mstep-git-source-cb-kubecd-bdd-gh-1583008777-pr-xn59b-2qspr[0m
{"level":"warn","ts":1583009402.1741152,"logger":"fallback-logger","caller":"logging/config.go:69","msg":"Fetch GitHub commit ID from kodata failed: \"ref: refs/heads/0.8.0-**-support-backwards-incompats\" is not a valid GitHub commit ID"}
{"level":"info","ts":1583009403.365612,"logger":"fallback-logger","caller":"git/git.go:103","msg":"Successfully cloned https://github.com/cb-kubecd/bdd-gh-1583008777.git @ master in path /workspace/source"}

Showing logs for build [32mcb-kubecd-bdd-gh-1583008777-pr-xn59b-1[0m stage [32mfrom-build-pack[0m and container [32mstep-git-merge[0m
Using SHAs from PULL_REFS=master:301ee53b8810f4a85637bbb9ff8d5cd70a9edc6b,1:87d9324600b5b136db0cb2b7d8dfb6a9566bd1de
DEBUG: JX_LOG_LEVEL=error LC_ALL=C git fetch origin --unshallow 87d9324600b5b136db0cb2b7d8dfb6a9566bd1de: 301ee53b8810f4a85637bbb9ff8d5cd70a9edc6b:
DEBUG: ran git fetch --unshallow origin 87d9324600b5b136db0cb2b7d8dfb6a9566bd1de: 301ee53b8810f4a85637bbb9ff8d5cd70a9edc6b: in 
DEBUG: LC_ALL=C JX_LOG_LEVEL=error git branch
DEBUG: LC_ALL=C JX_LOG_LEVEL=error git checkout master
DEBUG: ran git checkout master in 
DEBUG: LC_ALL=C JX_LOG_LEVEL=error git reset --hard 301ee53b8810f4a85637bbb9ff8d5cd70a9edc6b
DEBUG: ran git reset --hard 301ee53b8810f4a85637bbb9ff8d5cd70a9edc6b in 
DEBUG: LC_ALL=C JX_LOG_LEVEL=error git clean -fd .
DEBUG: ran clean --force -d . in 
DEBUG: LC_ALL=C JX_LOG_LEVEL=error git merge 87d9324600b5b136db0cb2b7d8dfb6a9566bd1de
DEBUG: ran git merge 87d9324600b5b136db0cb2b7d8dfb6a9566bd1de in 
DEBUG: LC_ALL=C JX_LOG_LEVEL=error git log --format=%H%x1f%an%x1f%ae%x1f%cn%x1f%ce%x1f%s%n%b%x1e 301ee53b8810f4a85637bbb9ff8d5cd70a9edc6b..HEAD
Merged SHA 87d9324600b5b136db0cb2b7d8dfb6a9566bd1de with commit message 'My first PR commit' into base branch master

Showing logs for build [32mcb-kubecd-bdd-gh-1583008777-pr-xn59b-1[0m stage [32mfrom-build-pack[0m and container [32mstep-build-make-linux[0m
CGO_ENABLED=0 GOOS=linux GOARCH=amd64 GO15VENDOREXPERIMENT=1 go build -ldflags '' -o bin/bdd-gh-1583008777 main.go

Showing logs for build [32mcb-kubecd-bdd-gh-1583008777-pr-xn59b-1[0m stage [32mfrom-build-pack[0m and container [32mstep-build-container-build[0m
[36mINFO[0m[0000] No base image, nothing to extract            
[36mINFO[0m[0000] cmd: EXPOSE                                  
[36mINFO[0m[0000] Adding exposed port: 8080/tcp                
[36mINFO[0m[0000] Using files from context: [/workspace/source/bin] 
[36mINFO[0m[0000] Skipping unpacking as no commands require it. 
[36mINFO[0m[0000] Taking snapshot of full filesystem...        
[36mINFO[0m[0000] EXPOSE 8080                                  
[36mINFO[0m[0000] cmd: EXPOSE                                  
[36mINFO[0m[0000] Adding exposed port: 8080/tcp                
[36mINFO[0m[0000] No files changed in this command, skipping snapshotting. 
[36mINFO[0m[0000] ENTRYPOINT ["/bdd-gh-1583008777"]            
[36mINFO[0m[0000] No files changed in this command, skipping snapshotting. 
[36mINFO[0m[0000] Using files from context: [/workspace/source/bin] 
[36mINFO[0m[0000] COPY ./bin/ /                                
[36mINFO[0m[0000] Taking snapshot of files...                  
2020/02/29 20:50:21 pushed blob: sha256:aa61cf83a98fde726e105f901038f69eecce81b8b1473d4f91c9387ca4e81e70
2020/02/29 20:50:22 pushed blob: sha256:bdbc4eebe877bf762b0e0498082863e55c8937ec639c55fea6eac5cad93016ec
2020/02/29 20:50:23 gcr.io/jenkins-x-bdd3/bdd-gh-1583008777:0.0.0-SNAPSHOT-PR-1-1: digest: sha256:38e76dc26c593641e3742c88e888232feeac92b9410c6691fdb18a5c32f5ffb2 size: 428

Showing logs for build [32mcb-kubecd-bdd-gh-1583008777-pr-xn59b-1[0m stage [32mfrom-build-pack[0m and container [32mstep-postbuild-post-build[0m
no CVE provider running in the current ** namespace so skip adding image to be analysed

Showing logs for build [32mcb-kubecd-bdd-gh-1583008777-pr-xn59b-1[0m stage [32mfrom-build-pack[0m and container [32mstep-promote-make-preview[0m
sed -i -e "s/version:.*/version: 0.0.0-SNAPSHOT-PR-1-1/" Chart.yaml
sed -i -e "s/version:.*/version: 0.0.0-SNAPSHOT-PR-1-1/" ../*/Chart.yaml
sed -i -e "s|repository:.*|repository: gcr.io\/jenkins-x-bdd3\/bdd-gh-1583008777|" values.yaml
sed -i -e "s/tag:.*/tag: 0.0.0-SNAPSHOT-PR-1-1/" values.yaml
echo "  version: 0.0.0-SNAPSHOT-PR-1-1" >> requirements.yaml
** step helm build
WARNING: No $CHART_REPOSITORY defined so using the default value of: http://jenkins-x-chartmuseum:8080
Adding missing Helm repo: storage.googleapis.com https://storage.googleapis.com/chartmuseum.jenkins-x.io
WARNING: No secrets found on "helm/repos" due: reading the secret "helm/repos" from vault: no secret "helm/repos" not found in vault
Read credentials for https://storage.googleapis.com/chartmuseum.jenkins-x.io from vault helm/repos
Successfully added Helm repository storage.googleapis.com.
Adding missing Helm repo: jenkins-x-chartmuseum http://jenkins-x-chartmuseum:8080
WARNING: No secrets found on "helm/repos" due: reading the secret "helm/repos" from vault: no secret "helm/repos" not found in vault
Read credentials for http://jenkins-x-chartmuseum:8080 from vault helm/repos
Successfully added Helm repository jenkins-x-chartmuseum.
WARNING: No $CHART_REPOSITORY defined so using the default value of: http://jenkins-x-chartmuseum:8080
Adding missing Helm repo: chartmuseum.jenkins-x.io http://chartmuseum.jenkins-x.io
WARNING: No secrets found on "helm/repos" due: reading the secret "helm/repos" from vault: no secret "helm/repos" not found in vault
Read credentials for http://chartmuseum.jenkins-x.io from vault helm/repos
Successfully added Helm repository chartmuseum.jenkins-x.io.

Showing logs for build [32mcb-kubecd-bdd-gh-1583008777-pr-xn59b-1[0m stage [32mfrom-build-pack[0m and container [32mstep-promote-jx-preview[0m
Creating a preview
Created environment cb-kubecd-bdd-gh-1583008777-pr-1
Namespace **-cb-kubecd-bdd-gh-1583008777-pr-1 created 
expose:
  Annotations:
    helm.sh/hook: post-install,post-upgrade
    helm.sh/hook-delete-policy: hook-succeeded
  config:
    domain: 35.205.75.195.nip.io
    exposer: Ingress
    http: "true"
preview:
  image:
    repository: gcr.io/jenkins-x-bdd3/bdd-gh-1583008777
    tag: 0.0.0-SNAPSHOT-PR-1-1

Updating PipelineActivities cb-kubecd-bdd-gh-1583008777-pr-1-1 which has status Running
Preview application is now available at: http://bdd-gh-1583008777.**-cb-kubecd-bdd-gh-1583008777-pr-1.35.205.75.195.nip.io
